<?xml version="1.0" encoding="UTF-8"?>
<!-- Generated by org.testng.reporters.JUnitReportReporter -->
<testsuite hostname="TDG-MBL-GDL246" failures="0" tests="7" name="com.selenium.exercise.Tests" time="45.848" errors="0" timestamp="28 Jan 2019 02:05:26 GMT" skipped="0">
  <testcase classname="com.selenium.exercise.Tests" name="loginToTestAppNoCredentials" time="6.806"/>
  <testcase classname="com.selenium.exercise.Tests" name="loginToTestAppNoCredentials" time="6.192"/>
  <testcase classname="com.selenium.exercise.Tests" name="loginToTestAppNoCredentials" time="6.663"/>
  <testcase classname="com.selenium.exercise.Tests" name="loginToTestAppNoCredentials" time="6.319"/>
  <testcase classname="com.selenium.exercise.Tests" name="loginToTestApp" time="6.814"/>
  <testcase classname="com.selenium.exercise.Tests" name="loginToTestAppNoCredentials" time="6.381"/>
  <testcase classname="com.selenium.exercise.Tests" name="loginToTestAppNoCredentials" time="6.673"/>
</testsuite> <!-- com.selenium.exercise.Tests -->
